  Compiling CUDA source file kernel.cu...
  
  D:\Desktop\BVH\Raytracing\BVH>"C:\Program Files\NVIDIA GPU Computing Toolkit\CUDA\v12.8\bin\nvcc.exe" -gencode=arch=compute_52,code=\"sm_52,compute_52\" --use-local-env -ccbin "C:\Program Files\Microsoft Visual Studio\2022\Community\VC\Tools\MSVC\14.42.34433\bin\HostX64\x64" -x cu   -I"C:\Program Files\NVIDIA GPU Computing Toolkit\CUDA\v12.8\include" -I"C:\dev\vcpkg\installed\x64-windows\include" -I"C:\Program Files\NVIDIA GPU Computing Toolkit\CUDA\v12.8\include"     --keep-dir x64\Release  -maxrregcount=0    --machine 64 --compile -cudart static    -DWIN32 -DWIN64 -DNDEBUG -D_CONSOLE -D_MBCS -Xcompiler "/EHsc /W3 /nologo /O2 /FS   /MD " -Xcompiler "/Fdx64\Release\vc143.pdb" -o D:\Desktop\BVH\Raytracing\BVH\x64\Release\kernel.cu.obj "D:\Desktop\BVH\Raytracing\BVH\kernel.cu" 
D:\Desktop\BVH\Raytracing\BVH\pfUtils.cuh(22): warning #940-D: missing return statement at end of non-void function "pfVec::operator[]"
        }
        ^
  
  Remark: The warnings can be suppressed with "-diag-suppress <warning-number>"
  
D:\Desktop\BVH\Raytracing\BVH\pfUtils.cuh(111): warning #940-D: missing return statement at end of non-void function "pfMatrix::operator[]"
        }
        ^
  
D:\Desktop\BVH\Raytracing\BVH\pfUtils.cuh(139): warning #836-D: returning reference to local variable
            return out;
                   ^
  
D:\Desktop\BVH\Raytracing\BVH\pfBVH.cuh(168): warning #174-D: expression has no effect
            node.aabbMin; node.aabbMin.x = 1e30f; node.aabbMin.y = 1e30f; node.aabbMin.z = 1e30f;
            ^
  
D:\Desktop\BVH\Raytracing\BVH\pfBVH.cuh(169): warning #174-D: expression has no effect
            node.aabbMax; node.aabbMax.x = -1e30f; node.aabbMax.y = -1e30f; node.aabbMax.z = -1e30f;
            ^
  
D:\Desktop\BVH\Raytracing\BVH\kernel.cu(46): warning #461-D: initial value of reference to non-const must be an lvalue
            if (lR.t > getNorm(lR.origin - pLight)) 
                               ^
  
D:\Desktop\BVH\Raytracing\BVH\kernel.cu(59): warning #461-D: initial value of reference to non-const must be an lvalue
        sum = (sum * lightIntensity) / powf(getNorm(lR.origin - pLight), 2.0f);
                                                    ^
  
D:\Desktop\BVH\Raytracing\BVH\kernel.cu(502): warning #546-D: transfer of control bypasses initialization of:
              variable "xThreads" (declared at line 563)
              variable "yThreads" (declared at line 564)
              variable "xBlocks" (declared at line 566)
              variable "yBlocks" (declared at line 567)
        if (cudaStatus != cudaSuccess) goto Error;
                                       ^
  
D:\Desktop\BVH\Raytracing\BVH\kernel.cu(506): warning #546-D: transfer of control bypasses initialization of:
              variable "xThreads" (declared at line 563)
              variable "yThreads" (declared at line 564)
              variable "xBlocks" (declared at line 566)
              variable "yBlocks" (declared at line 567)
        if (cudaStatus != cudaSuccess) goto Error;
                                       ^
  
D:\Desktop\BVH\Raytracing\BVH\kernel.cu(509): warning #546-D: transfer of control bypasses initialization of:
              variable "xThreads" (declared at line 563)
              variable "yThreads" (declared at line 564)
              variable "xBlocks" (declared at line 566)
              variable "yBlocks" (declared at line 567)
        if (cudaStatus != cudaSuccess) goto Error;
                                       ^
  
D:\Desktop\BVH\Raytracing\BVH\kernel.cu(514): warning #546-D: transfer of control bypasses initialization of:
              variable "xThreads" (declared at line 563)
              variable "yThreads" (declared at line 564)
              variable "xBlocks" (declared at line 566)
              variable "yBlocks" (declared at line 567)
        if (cudaStatus != cudaSuccess) goto Error;
                                       ^
  
D:\Desktop\BVH\Raytracing\BVH\kernel.cu(517): warning #546-D: transfer of control bypasses initialization of:
              variable "xThreads" (declared at line 563)
              variable "yThreads" (declared at line 564)
              variable "xBlocks" (declared at line 566)
              variable "yBlocks" (declared at line 567)
        if (cudaStatus != cudaSuccess) goto Error;
                                       ^
  
D:\Desktop\BVH\Raytracing\BVH\kernel.cu(522): warning #546-D: transfer of control bypasses initialization of:
              variable "xThreads" (declared at line 563)
              variable "yThreads" (declared at line 564)
              variable "xBlocks" (declared at line 566)
              variable "yBlocks" (declared at line 567)
        if (cudaStatus != cudaSuccess) goto Error;
                                       ^
  
D:\Desktop\BVH\Raytracing\BVH\kernel.cu(525): warning #546-D: transfer of control bypasses initialization of:
              variable "xThreads" (declared at line 563)
              variable "yThreads" (declared at line 564)
              variable "xBlocks" (declared at line 566)
              variable "yBlocks" (declared at line 567)
        if (cudaStatus != cudaSuccess) goto Error;
                                       ^
  
D:\Desktop\BVH\Raytracing\BVH\kernel.cu(530): warning #546-D: transfer of control bypasses initialization of:
              variable "xThreads" (declared at line 563)
              variable "yThreads" (declared at line 564)
              variable "xBlocks" (declared at line 566)
              variable "yBlocks" (declared at line 567)
        if (cudaStatus != cudaSuccess) goto Error;
                                       ^
  
D:\Desktop\BVH\Raytracing\BVH\kernel.cu(533): warning #546-D: transfer of control bypasses initialization of:
              variable "xThreads" (declared at line 563)
              variable "yThreads" (declared at line 564)
              variable "xBlocks" (declared at line 566)
              variable "yBlocks" (declared at line 567)
        if (cudaStatus != cudaSuccess) goto Error;
                                       ^
  
D:\Desktop\BVH\Raytracing\BVH\kernel.cu(538): warning #546-D: transfer of control bypasses initialization of:
              variable "xThreads" (declared at line 563)
              variable "yThreads" (declared at line 564)
              variable "xBlocks" (declared at line 566)
              variable "yBlocks" (declared at line 567)
        if (cudaStatus != cudaSuccess) goto Error;
                                       ^
  
D:\Desktop\BVH\Raytracing\BVH\kernel.cu(541): warning #546-D: transfer of control bypasses initialization of:
              variable "xThreads" (declared at line 563)
              variable "yThreads" (declared at line 564)
              variable "xBlocks" (declared at line 566)
              variable "yBlocks" (declared at line 567)
        if (cudaStatus != cudaSuccess) goto Error;
                                       ^
  
D:\Desktop\BVH\Raytracing\BVH\kernel.cu(546): warning #546-D: transfer of control bypasses initialization of:
              variable "xThreads" (declared at line 563)
              variable "yThreads" (declared at line 564)
              variable "xBlocks" (declared at line 566)
              variable "yBlocks" (declared at line 567)
        if (cudaStatus != cudaSuccess) goto Error;
                                       ^
  
D:\Desktop\BVH\Raytracing\BVH\kernel.cu(549): warning #546-D: transfer of control bypasses initialization of:
              variable "xThreads" (declared at line 563)
              variable "yThreads" (declared at line 564)
              variable "xBlocks" (declared at line 566)
              variable "yBlocks" (declared at line 567)
        if (cudaStatus != cudaSuccess) goto Error;
                                       ^
  
D:\Desktop\BVH\Raytracing\BVH\kernel.cu(555): warning #546-D: transfer of control bypasses initialization of:
              variable "xThreads" (declared at line 563)
              variable "yThreads" (declared at line 564)
              variable "xBlocks" (declared at line 566)
              variable "yBlocks" (declared at line 567)
        if (cudaStatus != cudaSuccess) goto Error;
                                       ^
  
D:\Desktop\BVH\Raytracing\BVH\kernel.cu(558): warning #546-D: transfer of control bypasses initialization of:
              variable "xThreads" (declared at line 563)
              variable "yThreads" (declared at line 564)
              variable "xBlocks" (declared at line 566)
              variable "yBlocks" (declared at line 567)
        if (cudaStatus != cudaSuccess) goto Error;
                                       ^
  
D:\Desktop\BVH\Raytracing\BVH\pfUtils.cuh(22): warning #940-D: missing return statement at end of non-void function "pfVec::operator[]"
        }
        ^
  
  Remark: The warnings can be suppressed with "-diag-suppress <warning-number>"
  
D:\Desktop\BVH\Raytracing\BVH\pfUtils.cuh(111): warning #940-D: missing return statement at end of non-void function "pfMatrix::operator[]"
        }
        ^
  
D:\Desktop\BVH\Raytracing\BVH\pfUtils.cuh(139): warning #836-D: returning reference to local variable
            return out;
                   ^
  
D:\Desktop\BVH\Raytracing\BVH\pfBVH.cuh(168): warning #174-D: expression has no effect
            node.aabbMin; node.aabbMin.x = 1e30f; node.aabbMin.y = 1e30f; node.aabbMin.z = 1e30f;
            ^
  
D:\Desktop\BVH\Raytracing\BVH\pfBVH.cuh(169): warning #174-D: expression has no effect
            node.aabbMax; node.aabbMax.x = -1e30f; node.aabbMax.y = -1e30f; node.aabbMax.z = -1e30f;
            ^
  
D:\Desktop\BVH\Raytracing\BVH\stb_image.h(4276): warning #550-D: variable "old_limit" was set but never used
       unsigned int cur, limit, old_limit;
                                ^
  
D:\Desktop\BVH\Raytracing\BVH\stb_image.h(5185): warning #550-D: variable "idata_limit_old" was set but never used
                   stbi__uint32 idata_limit_old = idata_limit;
                                ^
  
D:\Desktop\BVH\Raytracing\BVH\stb_image.h(6972): warning #550-D: variable "out_size" was set but never used
          int out_size = 0;
              ^
  
D:\Desktop\BVH\Raytracing\BVH\stb_image.h(6973): warning #550-D: variable "delays_size" was set but never used
          int delays_size = 0;
              ^
  
D:\Desktop\BVH\Raytracing\BVH\kernel.cu(46): warning #461-D: initial value of reference to non-const must be an lvalue
            if (lR.t > getNorm(lR.origin - pLight)) 
                               ^
  
D:\Desktop\BVH\Raytracing\BVH\kernel.cu(59): warning #461-D: initial value of reference to non-const must be an lvalue
        sum = (sum * lightIntensity) / powf(getNorm(lR.origin - pLight), 2.0f);
                                                    ^
  
D:\Desktop\BVH\Raytracing\BVH\kernel.cu(502): warning #546-D: transfer of control bypasses initialization of:
              variable "xThreads" (declared at line 563)
              variable "yThreads" (declared at line 564)
              variable "xBlocks" (declared at line 566)
              variable "yBlocks" (declared at line 567)
        if (cudaStatus != cudaSuccess) goto Error;
                                       ^
  
D:\Desktop\BVH\Raytracing\BVH\kernel.cu(506): warning #546-D: transfer of control bypasses initialization of:
              variable "xThreads" (declared at line 563)
              variable "yThreads" (declared at line 564)
              variable "xBlocks" (declared at line 566)
              variable "yBlocks" (declared at line 567)
        if (cudaStatus != cudaSuccess) goto Error;
                                       ^
  
D:\Desktop\BVH\Raytracing\BVH\kernel.cu(509): warning #546-D: transfer of control bypasses initialization of:
              variable "xThreads" (declared at line 563)
              variable "yThreads" (declared at line 564)
              variable "xBlocks" (declared at line 566)
              variable "yBlocks" (declared at line 567)
        if (cudaStatus != cudaSuccess) goto Error;
                                       ^
  
D:\Desktop\BVH\Raytracing\BVH\kernel.cu(514): warning #546-D: transfer of control bypasses initialization of:
              variable "xThreads" (declared at line 563)
              variable "yThreads" (declared at line 564)
              variable "xBlocks" (declared at line 566)
              variable "yBlocks" (declared at line 567)
        if (cudaStatus != cudaSuccess) goto Error;
                                       ^
  
D:\Desktop\BVH\Raytracing\BVH\kernel.cu(517): warning #546-D: transfer of control bypasses initialization of:
              variable "xThreads" (declared at line 563)
              variable "yThreads" (declared at line 564)
              variable "xBlocks" (declared at line 566)
              variable "yBlocks" (declared at line 567)
        if (cudaStatus != cudaSuccess) goto Error;
                                       ^
  
D:\Desktop\BVH\Raytracing\BVH\kernel.cu(522): warning #546-D: transfer of control bypasses initialization of:
              variable "xThreads" (declared at line 563)
              variable "yThreads" (declared at line 564)
              variable "xBlocks" (declared at line 566)
              variable "yBlocks" (declared at line 567)
        if (cudaStatus != cudaSuccess) goto Error;
                                       ^
  
D:\Desktop\BVH\Raytracing\BVH\kernel.cu(525): warning #546-D: transfer of control bypasses initialization of:
              variable "xThreads" (declared at line 563)
              variable "yThreads" (declared at line 564)
              variable "xBlocks" (declared at line 566)
              variable "yBlocks" (declared at line 567)
        if (cudaStatus != cudaSuccess) goto Error;
                                       ^
  
D:\Desktop\BVH\Raytracing\BVH\kernel.cu(530): warning #546-D: transfer of control bypasses initialization of:
              variable "xThreads" (declared at line 563)
              variable "yThreads" (declared at line 564)
              variable "xBlocks" (declared at line 566)
              variable "yBlocks" (declared at line 567)
        if (cudaStatus != cudaSuccess) goto Error;
                                       ^
  
D:\Desktop\BVH\Raytracing\BVH\kernel.cu(533): warning #546-D: transfer of control bypasses initialization of:
              variable "xThreads" (declared at line 563)
              variable "yThreads" (declared at line 564)
              variable "xBlocks" (declared at line 566)
              variable "yBlocks" (declared at line 567)
        if (cudaStatus != cudaSuccess) goto Error;
                                       ^
  
D:\Desktop\BVH\Raytracing\BVH\kernel.cu(538): warning #546-D: transfer of control bypasses initialization of:
              variable "xThreads" (declared at line 563)
              variable "yThreads" (declared at line 564)
              variable "xBlocks" (declared at line 566)
              variable "yBlocks" (declared at line 567)
        if (cudaStatus != cudaSuccess) goto Error;
                                       ^
  
D:\Desktop\BVH\Raytracing\BVH\kernel.cu(541): warning #546-D: transfer of control bypasses initialization of:
              variable "xThreads" (declared at line 563)
              variable "yThreads" (declared at line 564)
              variable "xBlocks" (declared at line 566)
              variable "yBlocks" (declared at line 567)
        if (cudaStatus != cudaSuccess) goto Error;
                                       ^
  
D:\Desktop\BVH\Raytracing\BVH\kernel.cu(546): warning #546-D: transfer of control bypasses initialization of:
              variable "xThreads" (declared at line 563)
              variable "yThreads" (declared at line 564)
              variable "xBlocks" (declared at line 566)
              variable "yBlocks" (declared at line 567)
        if (cudaStatus != cudaSuccess) goto Error;
                                       ^
  
D:\Desktop\BVH\Raytracing\BVH\kernel.cu(549): warning #546-D: transfer of control bypasses initialization of:
              variable "xThreads" (declared at line 563)
              variable "yThreads" (declared at line 564)
              variable "xBlocks" (declared at line 566)
              variable "yBlocks" (declared at line 567)
        if (cudaStatus != cudaSuccess) goto Error;
                                       ^
  
D:\Desktop\BVH\Raytracing\BVH\kernel.cu(555): warning #546-D: transfer of control bypasses initialization of:
              variable "xThreads" (declared at line 563)
              variable "yThreads" (declared at line 564)
              variable "xBlocks" (declared at line 566)
              variable "yBlocks" (declared at line 567)
        if (cudaStatus != cudaSuccess) goto Error;
                                       ^
  
D:\Desktop\BVH\Raytracing\BVH\kernel.cu(558): warning #546-D: transfer of control bypasses initialization of:
              variable "xThreads" (declared at line 563)
              variable "yThreads" (declared at line 564)
              variable "xBlocks" (declared at line 566)
              variable "yBlocks" (declared at line 567)
        if (cudaStatus != cudaSuccess) goto Error;
                                       ^
  
CUDACOMPILE : nvcc warning : Support for offline compilation for architectures prior to '<compute/sm/lto>_75' will be removed in a future release (Use -Wno-deprecated-gpu-targets to suppress warning).
  kernel.cu
  tmpxft_00011eac_00000000-7_kernel.cudafe1.cpp
D:\Desktop\BVH\Raytracing\BVH\pfBVH.cuh(295): warning C4244: 'inicializando': conversión de 'double' a 'float'; posible pérdida de datos
D:\Desktop\BVH\Raytracing\BVH\pfImage.h(92): warning C4244: '=': conversión de 'float' a '_Ty'; posible pérdida de datos
          with
          [
              _Ty=unsigned char
          ]
D:\Desktop\BVH\Raytracing\BVH\pfImage.h(93): warning C4244: '=': conversión de 'float' a '_Ty'; posible pérdida de datos
          with
          [
              _Ty=unsigned char
          ]
D:\Desktop\BVH\Raytracing\BVH\pfImage.h(94): warning C4244: '=': conversión de 'float' a '_Ty'; posible pérdida de datos
          with
          [
              _Ty=unsigned char
          ]
D:\Desktop\BVH\Raytracing\BVH\pfImage.h(143): warning C4244: '=': conversión de 'float' a '_Ty'; posible pérdida de datos
          with
          [
              _Ty=unsigned char
          ]
D:\Desktop\BVH\Raytracing\BVH\kernel.cu(441): warning C4305: 'inicializando': truncamiento de 'double' a 'float'
D:\Desktop\BVH\Raytracing\BVH\kernel.cu(443): warning C4305: '=': truncamiento de 'double' a 'float'
D:\Desktop\BVH\Raytracing\BVH\kernel.cu(445): warning C4305: '=': truncamiento de 'double' a 'float'
D:\Desktop\BVH\Raytracing\BVH\kernel.cu(449): warning C4305: 'inicializando': truncamiento de 'double' a 'float'
D:\Desktop\BVH\Raytracing\BVH\kernel.cu(449): warning C4305: '=': truncamiento de 'double' a 'float'
D:\Desktop\BVH\Raytracing\BVH\kernel.cu(449): warning C4305: '=': truncamiento de 'double' a 'float'
D:\Desktop\BVH\Raytracing\BVH\kernel.cu(451): warning C4305: 'inicializando': truncamiento de 'double' a 'float'
D:\Desktop\BVH\Raytracing\BVH\kernel.cu(451): warning C4305: '=': truncamiento de 'double' a 'float'
D:\Desktop\BVH\Raytracing\BVH\kernel.cu(451): warning C4305: '=': truncamiento de 'double' a 'float'
D:\Desktop\BVH\Raytracing\BVH\pfUtils.cuh(22): warning C4715: 'pfVec::operator[]': no todas las rutas de acceso de control devuelven un valor
     Creando biblioteca D:\Desktop\BVH\Raytracing\x64\Release\BVH.lib y objeto D:\Desktop\BVH\Raytracing\x64\Release\BVH.exp
LINK : warning LNK4098: la biblioteca predeterminada'LIBCMT' entra en conflicto con otras bibliotecas; use la biblioteca /NODEFAULTLIB:biblioteca
  LINK : se especificó /LTCG pero no se requiere generación de código; quite /LTCG de la línea de comandos de vínculo para mejorar el rendimiento del vinculador
  BVH.vcxproj -> D:\Desktop\BVH\Raytracing\x64\Release\BVH.exe
  "pwsh.exe" no se reconoce como un comando interno o externo,
  programa o archivo por lotes ejecutable.
